Connecting to database specified by database.yml
Connecting to database specified by database.yml
Connecting to database specified by database.yml
  [1m[36m (34.7ms)[0m  [1mCREATE TABLE `schema_migrations` (`version` varchar(255) NOT NULL) ENGINE=InnoDB[0m
  [1m[35m (17.7ms)[0m  CREATE UNIQUE INDEX `unique_schema_migrations` ON `schema_migrations` (`version`)
  [1m[36m (1.5ms)[0m  [1mSELECT `schema_migrations`.`version` FROM `schema_migrations` [0m
Migrating to BeaconsTable (20120818041703)
  [1m[35m (10.3ms)[0m  CREATE TABLE `beacons` (`id` int(11) DEFAULT NULL auto_increment PRIMARY KEY, `user_id` int(11), `lat` varchar(255), `long` varchar(255), `description` varchar(300), `duration` int(11)) ENGINE=InnoDB
  [1m[36m (0.3ms)[0m  [1mINSERT INTO `schema_migrations` (`version`) VALUES ('20120818041703')[0m
Migrating to UserTable (20120818042719)
  [1m[35m (8.1ms)[0m  CREATE TABLE `users` (`id` int(11) DEFAULT NULL auto_increment PRIMARY KEY, `email` varchar(255), `first_name` varchar(255), `last_name` varchar(255)) ENGINE=InnoDB
  [1m[36m (0.3ms)[0m  [1mINSERT INTO `schema_migrations` (`version`) VALUES ('20120818042719')[0m
  [1m[35m (0.2ms)[0m  SELECT `schema_migrations`.`version` FROM `schema_migrations` 
Connecting to database specified by database.yml
  [1m[36m (1.5ms)[0m  [1mSELECT `schema_migrations`.`version` FROM `schema_migrations` [0m
Connecting to database specified by database.yml
  [1m[36m (0.8ms)[0m  [1mSELECT `schema_migrations`.`version` FROM `schema_migrations` [0m
Connecting to database specified by database.yml
  [1m[36m (0.9ms)[0m  [1mSELECT `schema_migrations`.`version` FROM `schema_migrations` [0m
Connecting to database specified by database.yml
  [1m[36m (1.0ms)[0m  [1mSELECT `schema_migrations`.`version` FROM `schema_migrations` [0m
Connecting to database specified by database.yml
  [1m[36m (1.0ms)[0m  [1mSELECT `schema_migrations`.`version` FROM `schema_migrations` [0m
Connecting to database specified by database.yml
  [1m[36m (0.9ms)[0m  [1mSELECT `schema_migrations`.`version` FROM `schema_migrations` [0m
Connecting to database specified by database.yml
Connecting to database specified by database.yml
  [1m[36m (0.9ms)[0m  [1mSELECT `schema_migrations`.`version` FROM `schema_migrations` [0m
Connecting to database specified by database.yml
  [1m[36m (1.1ms)[0m  [1mSELECT `schema_migrations`.`version` FROM `schema_migrations` [0m
Connecting to database specified by database.yml
  [1m[36m (0.9ms)[0m  [1mSELECT `schema_migrations`.`version` FROM `schema_migrations` [0m
Connecting to database specified by database.yml
  [1m[36m (1.1ms)[0m  [1mSELECT `schema_migrations`.`version` FROM `schema_migrations` [0m
Connecting to database specified by database.yml
  [1m[36m (0.9ms)[0m  [1mSELECT `schema_migrations`.`version` FROM `schema_migrations` [0m
  [1m[35m (0.1ms)[0m  BEGIN
  [1m[36mSQL (0.2ms)[0m  [1mINSERT INTO `users` (`email`, `first_name`, `last_name`) VALUES ('dlogan21@gmail.com', 'Dan', 'Logan')[0m
  [1m[35m (0.3ms)[0m  COMMIT
  [1m[36m (0.1ms)[0m  [1mBEGIN[0m
  [1m[35mSQL (0.2ms)[0m  INSERT INTO `users` (`email`, `first_name`, `last_name`) VALUES ('cory@lanou.com', 'Cory', 'LaNou')
  [1m[36m (0.4ms)[0m  [1mCOMMIT[0m
  [1m[35m (0.1ms)[0m  BEGIN
  [1m[36mSQL (0.1ms)[0m  [1mINSERT INTO `users` (`email`, `first_name`, `last_name`) VALUES ('levi@gmail.com', 'Levi', 'Cook')[0m
  [1m[35m (0.3ms)[0m  COMMIT
  [1m[36mUser Load (0.3ms)[0m  [1mSELECT `users`.* FROM `users` WHERE `users`.`email` = 'dloga21@gmail.com' LIMIT 1[0m
  [1m[35mUser Load (0.2ms)[0m  SELECT `users`.* FROM `users` WHERE `users`.`email` = 'cory@lanou.com' LIMIT 1
Connecting to database specified by database.yml
  [1m[36m (1.0ms)[0m  [1mSELECT `schema_migrations`.`version` FROM `schema_migrations` [0m
  [1m[35m (0.1ms)[0m  BEGIN
  [1m[36mSQL (0.2ms)[0m  [1mINSERT INTO `users` (`email`, `first_name`, `last_name`) VALUES ('dlogan21@gmail.com', 'Dan', 'Logan')[0m
  [1m[35m (0.3ms)[0m  COMMIT
  [1m[36m (0.0ms)[0m  [1mBEGIN[0m
  [1m[35mSQL (0.1ms)[0m  INSERT INTO `users` (`email`, `first_name`, `last_name`) VALUES ('cory@lanou.com', 'Cory', 'LaNou')
  [1m[36m (0.3ms)[0m  [1mCOMMIT[0m
  [1m[35m (0.0ms)[0m  BEGIN
  [1m[36mSQL (0.1ms)[0m  [1mINSERT INTO `users` (`email`, `first_name`, `last_name`) VALUES ('levi@gmail.com', 'Levi', 'Cook')[0m
  [1m[35m (0.4ms)[0m  COMMIT
  [1m[36mUser Load (0.2ms)[0m  [1mSELECT `users`.* FROM `users` WHERE `users`.`email` = 'dloga21@gmail.com' LIMIT 1[0m
  [1m[35mUser Load (0.3ms)[0m  SELECT `users`.* FROM `users` WHERE `users`.`email` = 'cory@lanou.com' LIMIT 1
Connecting to database specified by database.yml
  [1m[36m (0.9ms)[0m  [1mSELECT `schema_migrations`.`version` FROM `schema_migrations` [0m
  [1m[35m (0.1ms)[0m  BEGIN
  [1m[36mSQL (0.2ms)[0m  [1mINSERT INTO `users` (`email`, `first_name`, `last_name`) VALUES ('dlogan21@gmail.com', 'Dan', 'Logan')[0m
  [1m[35m (0.3ms)[0m  COMMIT
  [1m[36m (0.0ms)[0m  [1mBEGIN[0m
  [1m[35mSQL (0.1ms)[0m  INSERT INTO `users` (`email`, `first_name`, `last_name`) VALUES ('cory@lanou.com', 'Cory', 'LaNou')
  [1m[36m (0.4ms)[0m  [1mCOMMIT[0m
  [1m[35m (0.0ms)[0m  BEGIN
  [1m[36mSQL (0.1ms)[0m  [1mINSERT INTO `users` (`email`, `first_name`, `last_name`) VALUES ('levi@gmail.com', 'Levi', 'Cook')[0m
  [1m[35m (0.4ms)[0m  COMMIT
  [1m[36mUser Load (0.3ms)[0m  [1mSELECT `users`.* FROM `users` WHERE `users`.`email` = 'dlogan21@gmail.com' LIMIT 1[0m
  [1m[35mUser Load (0.2ms)[0m  SELECT `users`.* FROM `users` WHERE `users`.`email` = 'cory@lanou.com' LIMIT 1
Connecting to database specified by database.yml
  [1m[36m (0.8ms)[0m  [1mSELECT `schema_migrations`.`version` FROM `schema_migrations` [0m
Connecting to database specified by database.yml
  [1m[36m (1.0ms)[0m  [1mSELECT `schema_migrations`.`version` FROM `schema_migrations` [0m
  [1m[35m (0.1ms)[0m  BEGIN
  [1m[36mSQL (0.2ms)[0m  [1mINSERT INTO `users` (`email`, `first_name`, `last_name`) VALUES ('dlogan21@gmail.com', 'Dan', 'Logan')[0m
  [1m[35m (0.6ms)[0m  COMMIT
Connecting to database specified by database.yml
  [1m[36m (0.9ms)[0m  [1mSELECT `schema_migrations`.`version` FROM `schema_migrations` [0m
Connecting to database specified by database.yml
  [1m[36m (0.9ms)[0m  [1mSELECT `schema_migrations`.`version` FROM `schema_migrations` [0m
  [1m[35m (0.1ms)[0m  BEGIN
  [1m[36mSQL (0.1ms)[0m  [1mINSERT INTO `users` (`email`, `first_name`, `last_name`) VALUES ('dlogan21@gmail.com', 'Dan', 'Logan')[0m
  [1m[35m (0.8ms)[0m  COMMIT
  [1m[36m (0.1ms)[0m  [1mBEGIN[0m
  [1m[35mSQL (0.2ms)[0m  INSERT INTO `beacons` (`description`, `duration`, `lat`, `long`, `user_id`) VALUES ('Coding some GO @ Novo Cofee', 2, '39.762459', '104.980738', 11)
  [1m[36m (0.3ms)[0m  [1mCOMMIT[0m
Connecting to database specified by database.yml
  [1m[36m (0.9ms)[0m  [1mSELECT `schema_migrations`.`version` FROM `schema_migrations` [0m
Connecting to database specified by database.yml
  [1m[36m (1.1ms)[0m  [1mSELECT `schema_migrations`.`version` FROM `schema_migrations` [0m
  [1m[35mBeacon Load (0.2ms)[0m  SELECT `beacons`.* FROM `beacons` 
  [1m[36m (0.1ms)[0m  [1mBEGIN[0m
  [1m[35mSQL (0.3ms)[0m  DELETE FROM `beacons` WHERE `beacons`.`id` = 1
  [1m[36m (0.3ms)[0m  [1mCOMMIT[0m
  [1m[35m (0.1ms)[0m  BEGIN
  [1m[36mSQL (0.3ms)[0m  [1mINSERT INTO `users` (`email`, `first_name`, `last_name`) VALUES ('dlogan21@gmail.com', 'Dan', 'Logan')[0m
  [1m[35m (0.4ms)[0m  COMMIT
  [1m[36m (0.0ms)[0m  [1mBEGIN[0m
  [1m[35mSQL (0.1ms)[0m  INSERT INTO `users` (`email`, `first_name`, `last_name`) VALUES ('cory@lanou.com', 'Cory', 'LaNou')
  [1m[36m (0.3ms)[0m  [1mCOMMIT[0m
  [1m[35m (0.1ms)[0m  BEGIN
  [1m[36mSQL (0.1ms)[0m  [1mINSERT INTO `beacons` (`description`, `duration`, `lat`, `long`, `user_id`) VALUES ('Coding some GO @ Novo Cofee', 2, '39.762459', '104.980738', 12)[0m
  [1m[35m (0.4ms)[0m  COMMIT
  [1m[36m (0.0ms)[0m  [1mBEGIN[0m
  [1m[35mSQL (0.1ms)[0m  INSERT INTO `beacons` (`description`, `duration`, `lat`, `long`, `user_id`) VALUES ('Hacking up some ruby code with facebook apis @ Flying Dog Brewery', 2, '39.750972', '104.987671', 13)
  [1m[36m (0.3ms)[0m  [1mCOMMIT[0m
Connecting to database specified by database.yml
  [1m[36m (1.2ms)[0m  [1mSELECT `schema_migrations`.`version` FROM `schema_migrations` [0m
  [1m[35mBeacon Load (0.2ms)[0m  SELECT `beacons`.* FROM `beacons` 
  [1m[36m (0.1ms)[0m  [1mBEGIN[0m
  [1m[35mSQL (0.2ms)[0m  DELETE FROM `beacons` WHERE `beacons`.`id` = 2
  [1m[36m (0.2ms)[0m  [1mCOMMIT[0m
  [1m[35m (0.0ms)[0m  BEGIN
  [1m[36mSQL (0.1ms)[0m  [1mDELETE FROM `beacons` WHERE `beacons`.`id` = 3[0m
  [1m[35m (0.2ms)[0m  COMMIT
  [1m[36mUser Load (0.1ms)[0m  [1mSELECT `users`.* FROM `users` [0m
  [1m[35m (0.1ms)[0m  BEGIN
  [1m[36mSQL (0.3ms)[0m  [1mDELETE FROM `users` WHERE `users`.`id` = 1[0m
  [1m[35m (0.3ms)[0m  COMMIT
  [1m[36m (0.0ms)[0m  [1mBEGIN[0m
  [1m[35mSQL (0.2ms)[0m  DELETE FROM `users` WHERE `users`.`id` = 2
  [1m[36m (0.4ms)[0m  [1mCOMMIT[0m
  [1m[35m (0.0ms)[0m  BEGIN
  [1m[36mSQL (0.1ms)[0m  [1mDELETE FROM `users` WHERE `users`.`id` = 3[0m
  [1m[35m (0.3ms)[0m  COMMIT
  [1m[36m (0.0ms)[0m  [1mBEGIN[0m
  [1m[35mSQL (0.1ms)[0m  DELETE FROM `users` WHERE `users`.`id` = 4
  [1m[36m (0.2ms)[0m  [1mCOMMIT[0m
  [1m[35m (0.1ms)[0m  BEGIN
  [1m[36mSQL (0.1ms)[0m  [1mDELETE FROM `users` WHERE `users`.`id` = 5[0m
  [1m[35m (0.2ms)[0m  COMMIT
  [1m[36m (0.0ms)[0m  [1mBEGIN[0m
  [1m[35mSQL (0.1ms)[0m  DELETE FROM `users` WHERE `users`.`id` = 6
  [1m[36m (0.2ms)[0m  [1mCOMMIT[0m
  [1m[35m (0.0ms)[0m  BEGIN
  [1m[36mSQL (0.1ms)[0m  [1mDELETE FROM `users` WHERE `users`.`id` = 7[0m
  [1m[35m (0.2ms)[0m  COMMIT
  [1m[36m (0.0ms)[0m  [1mBEGIN[0m
  [1m[35mSQL (0.1ms)[0m  DELETE FROM `users` WHERE `users`.`id` = 8
  [1m[36m (0.5ms)[0m  [1mCOMMIT[0m
  [1m[35m (0.0ms)[0m  BEGIN
  [1m[36mSQL (0.1ms)[0m  [1mDELETE FROM `users` WHERE `users`.`id` = 9[0m
  [1m[35m (0.2ms)[0m  COMMIT
  [1m[36m (0.0ms)[0m  [1mBEGIN[0m
  [1m[35mSQL (0.1ms)[0m  DELETE FROM `users` WHERE `users`.`id` = 10
  [1m[36m (0.2ms)[0m  [1mCOMMIT[0m
  [1m[35m (0.0ms)[0m  BEGIN
  [1m[36mSQL (0.1ms)[0m  [1mDELETE FROM `users` WHERE `users`.`id` = 11[0m
  [1m[35m (0.2ms)[0m  COMMIT
  [1m[36m (0.0ms)[0m  [1mBEGIN[0m
  [1m[35mSQL (0.1ms)[0m  DELETE FROM `users` WHERE `users`.`id` = 12
  [1m[36m (0.2ms)[0m  [1mCOMMIT[0m
  [1m[35m (0.0ms)[0m  BEGIN
  [1m[36mSQL (0.1ms)[0m  [1mDELETE FROM `users` WHERE `users`.`id` = 13[0m
  [1m[35m (0.2ms)[0m  COMMIT
  [1m[36m (0.0ms)[0m  [1mBEGIN[0m
  [1m[35mSQL (0.1ms)[0m  INSERT INTO `users` (`email`, `first_name`, `last_name`) VALUES ('dlogan21@gmail.com', 'Dan', 'Logan')
  [1m[36m (0.2ms)[0m  [1mCOMMIT[0m
  [1m[35m (0.0ms)[0m  BEGIN
  [1m[36mSQL (0.1ms)[0m  [1mINSERT INTO `users` (`email`, `first_name`, `last_name`) VALUES ('cory@lanou.com', 'Cory', 'LaNou')[0m
  [1m[35m (0.2ms)[0m  COMMIT
  [1m[36m (0.0ms)[0m  [1mBEGIN[0m
  [1m[35mSQL (0.1ms)[0m  INSERT INTO `beacons` (`description`, `duration`, `lat`, `long`, `user_id`) VALUES ('Coding some GO @ Novo Cofee', 2, '39.762459', '104.980738', 14)
  [1m[36m (0.4ms)[0m  [1mCOMMIT[0m
  [1m[35m (0.0ms)[0m  BEGIN
  [1m[36mSQL (0.1ms)[0m  [1mINSERT INTO `beacons` (`description`, `duration`, `lat`, `long`, `user_id`) VALUES ('Hacking up some ruby code with facebook apis @ Flying Dog Brewery', 2, '39.750972', '104.987671', 15)[0m
  [1m[35m (0.3ms)[0m  COMMIT
